<?xml version="1.0" encoding="UTF-8"?>
<testng-results ignored="0" total="1" passed="0" failed="1" skipped="0">
  <reporter-output>
  </reporter-output>
  <suite started-at="2020-07-24T22:30:22 IST" name="Default suite" finished-at="2020-07-24T22:31:58 IST" duration-ms="95886">
    <groups>
    </groups>
    <test started-at="2020-07-24T22:30:22 IST" name="Default test" finished-at="2020-07-24T22:31:58 IST" duration-ms="95886">
      <class name="eBay.sanity.tests.VerifyProductTest">
        <test-method is-config="true" signature="setUp()[pri:0, instance:eBay.sanity.tests.VerifyProductTest@624ea235]" started-at="2020-07-24T22:30:22 IST" name="setUp" finished-at="2020-07-24T22:31:02 IST" duration-ms="40694" status="PASS">
          <reporter-output>
          </reporter-output>
        </test-method> <!-- setUp -->
        <test-method signature="invokeTest()[pri:0, instance:eBay.sanity.tests.VerifyProductTest@624ea235]" started-at="2020-07-24T22:31:03 IST" name="invokeTest" finished-at="2020-07-24T22:31:57 IST" duration-ms="54016" status="FAIL">
          <exception class="org.openqa.selenium.WebDriverException">
            <message>
              <![CDATA[An unknown server-side error occurred while processing the command. Original error: Could not proxy command to remote server. Original error: Error: connect ECONNREFUSED 127.0.0.1:8205
Build info: version: '3.12.0', revision: '7c6e0b3', time: '2018-05-08T14:04:26.12Z'
System info: host: 'LAPTOP-AO8TOFLQ', ip: '192.168.43.54', os.name: 'Windows 10', os.arch: 'amd64', os.version: '10.0', java.version: '11.0.7'
Driver info: io.appium.java_client.android.AndroidDriver
Capabilities {app: F:\Appium_Workspace\eBayAut..., appActivity: com.amazon.mShop.android.ho..., appPackage: com.amazon.mShop.android.sh..., appWaitActivity: *, autoGrantPermissions: true, automationName: uiAutomator2, databaseEnabled: false, desired: {app: F:\Appium_Workspace\eBayAut..., appActivity: com.amazon.mShop.android.ho..., appPackage: com.amazon.mShop.android.sh..., appWaitActivity: *, autoGrantPermissions: true, automationName: uiAutomator2, deviceName: wkc6ytvgus5hpzsg, full-reset: false, newCommandTimeout: 60, platformName: android, platformVersion: 10}, deviceApiLevel: 29, deviceManufacturer: Xiaomi, deviceModel: Redmi Note 8 Pro, deviceName: wkc6ytvgus5hpzsg, deviceScreenDensity: 440, deviceScreenSize: 1080x2340, deviceUDID: wkc6ytvgus5hpzsg, full-reset: false, javascriptEnabled: true, locationContextEnabled: false, networkConnectionEnabled: true, newCommandTimeout: 60, pixelRatio: 2.75, platform: LINUX, platformName: Android, platformVersion: 10, statBarHeight: 76, takesScreenshot: true, viewportRect: {height: 2058, left: 0, top: 76, width: 1080}, warnings: {}, webStorageEnabled: false}
Session ID: 8ed55de1-e3c5-4557-84f3-81b203eaaf76]]>
            </message>
            <full-stacktrace>
              <![CDATA[org.openqa.selenium.WebDriverException: An unknown server-side error occurred while processing the command. Original error: Could not proxy command to remote server. Original error: Error: connect ECONNREFUSED 127.0.0.1:8205
Build info: version: '3.12.0', revision: '7c6e0b3', time: '2018-05-08T14:04:26.12Z'
System info: host: 'LAPTOP-AO8TOFLQ', ip: '192.168.43.54', os.name: 'Windows 10', os.arch: 'amd64', os.version: '10.0', java.version: '11.0.7'
Driver info: io.appium.java_client.android.AndroidDriver
Capabilities {app: F:\Appium_Workspace\eBayAut..., appActivity: com.amazon.mShop.android.ho..., appPackage: com.amazon.mShop.android.sh..., appWaitActivity: *, autoGrantPermissions: true, automationName: uiAutomator2, databaseEnabled: false, desired: {app: F:\Appium_Workspace\eBayAut..., appActivity: com.amazon.mShop.android.ho..., appPackage: com.amazon.mShop.android.sh..., appWaitActivity: *, autoGrantPermissions: true, automationName: uiAutomator2, deviceName: wkc6ytvgus5hpzsg, full-reset: false, newCommandTimeout: 60, platformName: android, platformVersion: 10}, deviceApiLevel: 29, deviceManufacturer: Xiaomi, deviceModel: Redmi Note 8 Pro, deviceName: wkc6ytvgus5hpzsg, deviceScreenDensity: 440, deviceScreenSize: 1080x2340, deviceUDID: wkc6ytvgus5hpzsg, full-reset: false, javascriptEnabled: true, locationContextEnabled: false, networkConnectionEnabled: true, newCommandTimeout: 60, pixelRatio: 2.75, platform: LINUX, platformName: Android, platformVersion: 10, statBarHeight: 76, takesScreenshot: true, viewportRect: {height: 2058, left: 0, top: 76, width: 1080}, warnings: {}, webStorageEnabled: false}
Session ID: 8ed55de1-e3c5-4557-84f3-81b203eaaf76
at java.base/jdk.internal.reflect.NativeConstructorAccessorImpl.newInstance0(Native Method)
at java.base/jdk.internal.reflect.NativeConstructorAccessorImpl.newInstance(NativeConstructorAccessorImpl.java:62)
at java.base/jdk.internal.reflect.DelegatingConstructorAccessorImpl.newInstance(DelegatingConstructorAccessorImpl.java:45)
at java.base/java.lang.reflect.Constructor.newInstance(Constructor.java:490)
at org.openqa.selenium.remote.http.W3CHttpResponseCodec.createException(W3CHttpResponseCodec.java:187)
at org.openqa.selenium.remote.http.W3CHttpResponseCodec.decode(W3CHttpResponseCodec.java:122)
at org.openqa.selenium.remote.http.W3CHttpResponseCodec.decode(W3CHttpResponseCodec.java:49)
at org.openqa.selenium.remote.HttpCommandExecutor.execute(HttpCommandExecutor.java:158)
at io.appium.java_client.remote.AppiumCommandExecutor.execute(AppiumCommandExecutor.java:231)
at org.openqa.selenium.remote.RemoteWebDriver.execute(RemoteWebDriver.java:543)
at io.appium.java_client.DefaultGenericMobileDriver.execute(DefaultGenericMobileDriver.java:42)
at io.appium.java_client.AppiumDriver.execute(AppiumDriver.java:1)
at io.appium.java_client.android.AndroidDriver.execute(AndroidDriver.java:1)
at org.openqa.selenium.remote.RemoteWebDriver.perform(RemoteWebDriver.java:609)
at org.openqa.selenium.interactions.Actions$BuiltAction.perform(Actions.java:638)
at org.openqa.selenium.interactions.Actions.perform(Actions.java:594)
at eBay.commonUtils.CommonMethods.performEnterKeyAction(CommonMethods.java:37)
at eBay.sanity.tests.VerifyProductTest.searchProduct(VerifyProductTest.java:141)
at eBay.sanity.tests.VerifyProductTest.invokeTest(VerifyProductTest.java:78)
at java.base/jdk.internal.reflect.NativeMethodAccessorImpl.invoke0(Native Method)
at java.base/jdk.internal.reflect.NativeMethodAccessorImpl.invoke(NativeMethodAccessorImpl.java:62)
at java.base/jdk.internal.reflect.DelegatingMethodAccessorImpl.invoke(DelegatingMethodAccessorImpl.java:43)
at java.base/java.lang.reflect.Method.invoke(Method.java:566)
at org.testng.internal.MethodInvocationHelper.invokeMethod(MethodInvocationHelper.java:135)
at org.testng.internal.TestInvoker.invokeMethod(TestInvoker.java:598)
at org.testng.internal.TestInvoker.invokeTestMethod(TestInvoker.java:174)
at org.testng.internal.MethodRunner.runInSequence(MethodRunner.java:46)
at org.testng.internal.TestInvoker$MethodInvocationAgent.invoke(TestInvoker.java:821)
at org.testng.internal.TestInvoker.invokeTestMethods(TestInvoker.java:147)
at org.testng.internal.TestMethodWorker.invokeTestMethods(TestMethodWorker.java:146)
at org.testng.internal.TestMethodWorker.run(TestMethodWorker.java:128)
at java.base/java.util.ArrayList.forEach(ArrayList.java:1540)
at org.testng.TestRunner.privateRun(TestRunner.java:767)
at org.testng.TestRunner.run(TestRunner.java:588)
at org.testng.SuiteRunner.runTest(SuiteRunner.java:384)
at org.testng.SuiteRunner.runSequentially(SuiteRunner.java:378)
at org.testng.SuiteRunner.privateRun(SuiteRunner.java:337)
at org.testng.SuiteRunner.run(SuiteRunner.java:286)
at org.testng.SuiteRunnerWorker.runSuite(SuiteRunnerWorker.java:53)
at org.testng.SuiteRunnerWorker.run(SuiteRunnerWorker.java:96)
at org.testng.TestNG.runSuitesSequentially(TestNG.java:1214)
at org.testng.TestNG.runSuitesLocally(TestNG.java:1136)
at org.testng.TestNG.runSuites(TestNG.java:1066)
at org.testng.TestNG.run(TestNG.java:1034)
at org.testng.remote.AbstractRemoteTestNG.run(AbstractRemoteTestNG.java:115)
at org.testng.remote.RemoteTestNG.initAndRun(RemoteTestNG.java:251)
at org.testng.remote.RemoteTestNG.main(RemoteTestNG.java:77)
]]>
            </full-stacktrace>
          </exception> <!-- org.openqa.selenium.WebDriverException -->
          <reporter-output>
          </reporter-output>
        </test-method> <!-- invokeTest -->
        <test-method is-config="true" signature="teardown()[pri:0, instance:eBay.sanity.tests.VerifyProductTest@624ea235]" started-at="2020-07-24T22:31:57 IST" name="teardown" finished-at="2020-07-24T22:31:58 IST" duration-ms="1135" status="PASS">
          <reporter-output>
          </reporter-output>
        </test-method> <!-- teardown -->
      </class> <!-- eBay.sanity.tests.VerifyProductTest -->
    </test> <!-- Default test -->
  </suite> <!-- Default suite -->
</testng-results>
