<?xml version="1.0" encoding="UTF-8"?>
<!-- Generated by org.testng.reporters.JUnitXMLReporter -->
<testsuite hostname="C02VT2KMHTD6" ignored="0" name="Ebay" tests="1" failures="1" timestamp="13 Jun 2019 14:22:23 GMT" time="18.056" errors="0">
  <testcase name="invokeTest" time="6.019" classname="eBay.sanity.tests.VerifyProductTest">
    <failure type="java.lang.NullPointerException">
      <![CDATA[java.lang.NullPointerException
at eBay.commonUtils.UIActions.getListofElement(UIActions.java:225)
at eBay.commonUtils.ScreenActions.getListOfElements(ScreenActions.java:124)
at eBay.sanity.tests.VerifyProductTest.searchProduct(VerifyProductTest.java:106)
at eBay.sanity.tests.VerifyProductTest.invokeTest(VerifyProductTest.java:56)
... Removed 25 stack frames]]>
    </failure>
  </testcase> <!-- invokeTest -->
</testsuite> <!-- Ebay -->
